2025-10-14 15:54:41 [32minfo[39m: ConnectionString
2025-10-14 15:54:41 [32minfo[39m: Example app listening on port 3000
2025-10-14 15:54:41 [32minfo[39m: connected to mongoDB
2025-10-14 16:01:14 [32minfo[39m: admin@gmail.com
2025-10-14 16:02:18 [32minfo[39m: admin@gmail.com
2025-10-14 16:22:04 [32minfo[39m: ConnectionString
2025-10-14 16:22:04 [32minfo[39m: Example app listening on port 3000
2025-10-14 16:22:04 [32minfo[39m: connected to mongoDB
2025-10-14 16:28:30 [32minfo[39m: ConnectionString
2025-10-14 16:28:30 [32minfo[39m: Example app listening on port 3000
2025-10-14 16:28:30 [32minfo[39m: connected to mongoDB
2025-10-14 16:47:01 [32minfo[39m: ConnectionString
2025-10-14 16:47:01 [32minfo[39m: Example app listening on port 3000
2025-10-14 16:47:01 [32minfo[39m: connected to mongoDB
2025-10-14 16:50:51 [32minfo[39m: user1@gmail.com
2025-10-14 16:56:04 [32minfo[39m: ConnectionString
2025-10-14 16:56:04 [32minfo[39m: Example app listening on port 3000
2025-10-14 16:56:04 [32minfo[39m: connected to mongoDB
2025-10-14 16:56:14 [32minfo[39m: user1@gmail.com
2025-10-14 16:56:38 [32minfo[39m: secretkey
2025-10-14 16:56:38 [32minfo[39m: t
2025-10-14 16:56:38 [32minfo[39m: decoded
